<?xml version="1.0" encoding="UTF-8"?>
<!-- Generated by org.testng.reporters.JUnitXMLReporter -->
<testsuite hostname="DESKTOP-EM3OVKO" ignored="3" name="Default test" tests="1" failures="0" timestamp="19 Jan 2023 11:22:58 GMT" time="15.898" errors="0">
  <testcase name="NamePrice" time="15.839" classname="MockInterview.FlipkartMobiles"/>
  <testcase name="MaxPriceMobileName" time="0.0" classname="MockInterview.FlipkartMobiles">
    <ignored/>
  </testcase> <!-- MaxPriceMobileName -->
  <testcase name="MobilePrices" time="0.0" classname="MockInterview.FlipkartMobiles">
    <ignored/>
  </testcase> <!-- MobilePrices -->
  <testcase name="MobilesNames" time="0.0" classname="MockInterview.FlipkartMobiles">
    <ignored/>
  </testcase> <!-- MobilesNames -->
</testsuite> <!-- Default test -->
