<?xml version="1.0" encoding="UTF-8"?>
<!-- Generated by org.testng.reporters.JUnitXMLReporter -->
<testsuite hostname="DESKTOP-EM3OVKO" ignored="1" name="Default test" tests="1" failures="0" timestamp="23 Aug 2022 07:47:07 GMT" time="88.556" errors="0">
  <testcase name="Purchase_a_product_and_Add_Updated_customer_and_verify_transaction_details_test" time="48.827" classname="com.Techmax.POS.PosTest"/>
  <testcase name="sale_a_product_check_the_transaction_details_test" time="0.0" classname="com.Techmax.POS.PosTest">
    <ignored/>
  </testcase> <!-- sale_a_product_check_the_transaction_details_test -->
</testsuite> <!-- Default test -->
