<?xml version="1.0" encoding="UTF-8"?>
<!-- Generated by org.testng.reporters.JUnitXMLReporter -->
<testsuite hostname="DESKTOP-EM3OVKO" ignored="10" name="Test" tests="10" failures="0" timestamp="22 Aug 2022 08:53:31 GMT" time="19.842" errors="0">
  <testcase name="@BeforeMethod configBM" time="0.037" classname="com.TechMax.utility.BaseClass">
    <failure type="java.lang.NullPointerException">
      <![CDATA[java.lang.NullPointerException
at com.TechMax.Pomrepositorylib.LoginPage.loginToApplication(LoginPage.java:68)
at com.TechMax.utility.BaseClass.configBM(BaseClass.java:55)
... Removed 28 stack frames]]>
    </failure>
  </testcase> <!-- @BeforeMethod configBM -->
  <testcase name="@AfterMethod configAM" time="0.0" classname="com.TechMax.utility.BaseClass">
    <skipped/>
  </testcase> <!-- @AfterMethod configAM -->
  <testcase name="@AfterClass configAC" time="0.0" classname="com.TechMax.utility.BaseClass">
    <skipped/>
  </testcase> <!-- @AfterClass configAC -->
  <testcase name="@BeforeMethod configBM" time="0.001" classname="com.TechMax.utility.BaseClass">
    <failure type="java.lang.NullPointerException">
      <![CDATA[java.lang.NullPointerException
at com.TechMax.Pomrepositorylib.LoginPage.loginToApplication(LoginPage.java:68)
at com.TechMax.utility.BaseClass.configBM(BaseClass.java:55)
... Removed 28 stack frames]]>
    </failure>
  </testcase> <!-- @BeforeMethod configBM -->
  <testcase name="@AfterMethod configAM" time="0.0" classname="com.TechMax.utility.BaseClass">
    <skipped/>
  </testcase> <!-- @AfterMethod configAM -->
  <testcase name="@AfterClass configAC" time="0.0" classname="com.TechMax.utility.BaseClass">
    <skipped/>
  </testcase> <!-- @AfterClass configAC -->
  <testcase name="@BeforeMethod configBM" time="0.002" classname="com.TechMax.utility.BaseClass">
    <failure type="java.lang.NullPointerException">
      <![CDATA[java.lang.NullPointerException
at com.TechMax.Pomrepositorylib.LoginPage.loginToApplication(LoginPage.java:68)
at com.TechMax.utility.BaseClass.configBM(BaseClass.java:55)
... Removed 28 stack frames]]>
    </failure>
  </testcase> <!-- @BeforeMethod configBM -->
  <testcase name="@AfterMethod configAM" time="0.0" classname="com.TechMax.utility.BaseClass">
    <skipped/>
  </testcase> <!-- @AfterMethod configAM -->
  <testcase name="@AfterClass configAC" time="0.0" classname="com.TechMax.utility.BaseClass">
    <skipped/>
  </testcase> <!-- @AfterClass configAC -->
  <testcase name="@BeforeMethod configBM" time="0.001" classname="com.TechMax.utility.BaseClass">
    <failure type="java.lang.NullPointerException">
      <![CDATA[java.lang.NullPointerException
at com.TechMax.Pomrepositorylib.LoginPage.loginToApplication(LoginPage.java:68)
at com.TechMax.utility.BaseClass.configBM(BaseClass.java:55)
... Removed 28 stack frames]]>
    </failure>
  </testcase> <!-- @BeforeMethod configBM -->
  <testcase name="@AfterMethod configAM" time="0.0" classname="com.TechMax.utility.BaseClass">
    <skipped/>
  </testcase> <!-- @AfterMethod configAM -->
  <testcase name="@BeforeMethod configBM" time="0.0" classname="com.TechMax.utility.BaseClass">
    <skipped/>
  </testcase> <!-- @BeforeMethod configBM -->
  <testcase name="@AfterMethod configAM" time="0.0" classname="com.TechMax.utility.BaseClass">
    <skipped/>
  </testcase> <!-- @AfterMethod configAM -->
  <testcase name="@BeforeMethod configBM" time="0.0" classname="com.TechMax.utility.BaseClass">
    <skipped/>
  </testcase> <!-- @BeforeMethod configBM -->
  <testcase name="@AfterMethod configAM" time="0.0" classname="com.TechMax.utility.BaseClass">
    <skipped/>
  </testcase> <!-- @AfterMethod configAM -->
  <testcase name="@BeforeMethod configBM" time="0.0" classname="com.TechMax.utility.BaseClass">
    <skipped/>
  </testcase> <!-- @BeforeMethod configBM -->
  <testcase name="@AfterMethod configAM" time="0.0" classname="com.TechMax.utility.BaseClass">
    <skipped/>
  </testcase> <!-- @AfterMethod configAM -->
  <testcase name="@BeforeMethod configBM" time="0.0" classname="com.TechMax.utility.BaseClass">
    <skipped/>
  </testcase> <!-- @BeforeMethod configBM -->
  <testcase name="@AfterMethod configAM" time="0.0" classname="com.TechMax.utility.BaseClass">
    <skipped/>
  </testcase> <!-- @AfterMethod configAM -->
  <testcase name="@AfterClass configAC" time="0.0" classname="com.TechMax.utility.BaseClass">
    <skipped/>
  </testcase> <!-- @AfterClass configAC -->
  <testcase name="@BeforeMethod configBM" time="0.001" classname="com.TechMax.utility.BaseClass">
    <failure type="java.lang.NullPointerException">
      <![CDATA[java.lang.NullPointerException
at com.TechMax.Pomrepositorylib.LoginPage.loginToApplication(LoginPage.java:68)
at com.TechMax.utility.BaseClass.configBM(BaseClass.java:55)
... Removed 28 stack frames]]>
    </failure>
  </testcase> <!-- @BeforeMethod configBM -->
  <testcase name="@AfterMethod configAM" time="0.0" classname="com.TechMax.utility.BaseClass">
    <skipped/>
  </testcase> <!-- @AfterMethod configAM -->
  <testcase name="@AfterClass configAC" time="0.0" classname="com.TechMax.utility.BaseClass">
    <skipped/>
  </testcase> <!-- @AfterClass configAC -->
  <testcase name="@BeforeMethod configBM" time="0.001" classname="com.TechMax.utility.BaseClass">
    <failure type="java.lang.NullPointerException">
      <![CDATA[java.lang.NullPointerException
at com.TechMax.Pomrepositorylib.LoginPage.loginToApplication(LoginPage.java:68)
at com.TechMax.utility.BaseClass.configBM(BaseClass.java:55)
... Removed 28 stack frames]]>
    </failure>
  </testcase> <!-- @BeforeMethod configBM -->
  <testcase name="@AfterMethod configAM" time="0.0" classname="com.TechMax.utility.BaseClass">
    <skipped/>
  </testcase> <!-- @AfterMethod configAM -->
  <testcase name="@AfterClass configAC" time="0.0" classname="com.TechMax.utility.BaseClass">
    <skipped/>
  </testcase> <!-- @AfterClass configAC -->
  <testcase name="AddSupplierAddProductLoginAsEmployeeGenrateBillInPOSforProductTest" time="0.0" classname="com.Techmax.Transaction.AddSupplierAddProductLoginAsEmployeeGenrateBillInPOSforProduct">
    <skipped/>
  </testcase> <!-- AddSupplierAddProductLoginAsEmployeeGenrateBillInPOSforProductTest -->
  <testcase name="Purchase_a_product_and_Add_Updated_customer_and_verify_transaction_details_test" time="0.0" classname="com.Techmax.POS.Purchase_a_product_and_Add_Updated_customer_and_verify_transaction_details">
    <skipped/>
  </testcase> <!-- Purchase_a_product_and_Add_Updated_customer_and_verify_transaction_details_test -->
  <testcase name="CreateNewProductVerifyTheProductCountInHomePage_test" time="0.0" classname="com.Techmax.Home.CreateNewProductVerifyTheProductCountInHomePage">
    <skipped/>
  </testcase> <!-- CreateNewProductVerifyTheProductCountInHomePage_test -->
  <testcase name="sale_a_product_check_the_transaction_details_test" time="0.0" classname="com.Techmax.POS.sale_a_product_check_the_transaction_details">
    <skipped/>
  </testcase> <!-- sale_a_product_check_the_transaction_details_test -->
  <testcase name="sale_a_product_check_the_transaction_details_test" time="0.0" classname="com.Techmax.POS.sale_a_product_check_the_transaction_details">
    <skipped/>
  </testcase> <!-- sale_a_product_check_the_transaction_details_test -->
  <testcase name="sale_a_product_check_the_transaction_details_test" time="0.0" classname="com.Techmax.POS.sale_a_product_check_the_transaction_details">
    <skipped/>
  </testcase> <!-- sale_a_product_check_the_transaction_details_test -->
  <testcase name="sale_a_product_check_the_transaction_details_test" time="0.0" classname="com.Techmax.POS.sale_a_product_check_the_transaction_details">
    <skipped/>
  </testcase> <!-- sale_a_product_check_the_transaction_details_test -->
  <testcase name="sale_a_product_check_the_transaction_details_test" time="0.0" classname="com.Techmax.POS.sale_a_product_check_the_transaction_details">
    <skipped/>
  </testcase> <!-- sale_a_product_check_the_transaction_details_test -->
  <testcase name="VerifySupplierNameInAddProduct_test" time="0.0" classname="com.Techmax.Inventory.VerifySupplierNameInAddProduct">
    <skipped/>
  </testcase> <!-- VerifySupplierNameInAddProduct_test -->
  <testcase name="AddProductLoginAsEmployeeGenrateBillInPOSforProductTest" time="0.0" classname="com.Techmax.Transaction.AddProductLoginAsEmployeeGenrateBillInPOSforProduct">
    <skipped/>
  </testcase> <!-- AddProductLoginAsEmployeeGenrateBillInPOSforProductTest -->
  <testcase name="@BeforeSuite configBS" time="0.0" classname="com.TechMax.utility.BaseClass">
    <ignored/>
  </testcase> <!-- @BeforeSuite configBS -->
  <testcase name="@BeforeSuite configBS" time="0.0" classname="com.TechMax.utility.BaseClass">
    <ignored/>
  </testcase> <!-- @BeforeSuite configBS -->
  <testcase name="@BeforeSuite configBS" time="0.0" classname="com.TechMax.utility.BaseClass">
    <ignored/>
  </testcase> <!-- @BeforeSuite configBS -->
  <testcase name="@BeforeSuite configBS" time="0.0" classname="com.TechMax.utility.BaseClass">
    <ignored/>
  </testcase> <!-- @BeforeSuite configBS -->
  <testcase name="@BeforeSuite configBS" time="0.0" classname="com.TechMax.utility.BaseClass">
    <ignored/>
  </testcase> <!-- @BeforeSuite configBS -->
  <testcase name="@AfterSuite configAS" time="0.0" classname="com.TechMax.utility.BaseClass">
    <ignored/>
  </testcase> <!-- @AfterSuite configAS -->
  <testcase name="@AfterSuite configAS" time="0.0" classname="com.TechMax.utility.BaseClass">
    <ignored/>
  </testcase> <!-- @AfterSuite configAS -->
  <testcase name="@AfterSuite configAS" time="0.0" classname="com.TechMax.utility.BaseClass">
    <ignored/>
  </testcase> <!-- @AfterSuite configAS -->
  <testcase name="@AfterSuite configAS" time="0.0" classname="com.TechMax.utility.BaseClass">
    <ignored/>
  </testcase> <!-- @AfterSuite configAS -->
  <testcase name="@AfterSuite configAS" time="0.0" classname="com.TechMax.utility.BaseClass">
    <ignored/>
  </testcase> <!-- @AfterSuite configAS -->
</testsuite> <!-- Test -->
