<?xml version="1.0" encoding="UTF-8"?>
<!-- Generated by org.testng.reporters.JUnitXMLReporter -->
<testsuite ignored="14" hostname="DESKTOP-6H62P03" failures="0" tests="2" name="Test" time="40.178" errors="0" timestamp="2022-08-18T11:47:47 IST">
  <testcase classname="com.TechMAX.product.Create_product_in_product_page_testng" name="Create_product_in_product_page_Test" time="16.005"/>
  <testcase classname="com.TechMAX.supplier.CreateSuppliertestng" name="CreateSupplierTest" time="5.668"/>
  <testcase classname="com.TechMAX.employee.CreateEmployeeWithMandatoryFieldstestng" name="CreateEmployeeWithMandatoryFieldsTest" time="0.0">
    <ignored/>
  </testcase> <!-- CreateEmployeeWithMandatoryFieldsTest -->
  <testcase classname="com.TechMAX.home.CreateNewSupplierVerifyTheSupplierCountInHomePagetestng" name="CreateNewSupplierVerifyTheSupplierCountInHomePageTest" time="0.0">
    <ignored/>
  </testcase> <!-- CreateNewSupplierVerifyTheSupplierCountInHomePageTest -->
  <testcase classname="com.sales.techmax.genericUtility.BaseClass" name="@BeforeSuite configBS" time="0.0">
    <ignored/>
  </testcase> <!-- @BeforeSuite configBS -->
  <testcase classname="com.sales.techmax.genericUtility.BaseClass" name="@BeforeSuite configBS" time="0.0">
    <ignored/>
  </testcase> <!-- @BeforeSuite configBS -->
  <testcase classname="com.sales.techmax.genericUtility.BaseClass" name="@BeforeSuite configBS" time="0.0">
    <ignored/>
  </testcase> <!-- @BeforeSuite configBS -->
  <testcase classname="com.sales.techmax.genericUtility.BaseClass" name="@BeforeSuite configBS" time="0.0">
    <ignored/>
  </testcase> <!-- @BeforeSuite configBS -->
  <testcase classname="com.sales.techmax.genericUtility.BaseClass" name="@BeforeSuite configBS" time="0.0">
    <ignored/>
  </testcase> <!-- @BeforeSuite configBS -->
  <testcase classname="com.TechMAX.pos.Purchase_a_product_and_add_new_customer_and_verify_transaction_details_testng" name="Purchase_a_product_and_add_new_customer_and_verify_transaction_details_Test" time="0.0">
    <ignored/>
  </testcase> <!-- Purchase_a_product_and_add_new_customer_and_verify_transaction_details_Test -->
  <testcase classname="com.sales.techmax.genericUtility.BaseClass" name="@AfterSuite configAS" time="0.0">
    <ignored/>
  </testcase> <!-- @AfterSuite configAS -->
  <testcase classname="com.sales.techmax.genericUtility.BaseClass" name="@AfterSuite configAS" time="0.0">
    <ignored/>
  </testcase> <!-- @AfterSuite configAS -->
  <testcase classname="com.sales.techmax.genericUtility.BaseClass" name="@AfterSuite configAS" time="0.0">
    <ignored/>
  </testcase> <!-- @AfterSuite configAS -->
  <testcase classname="com.sales.techmax.genericUtility.BaseClass" name="@AfterSuite configAS" time="0.0">
    <ignored/>
  </testcase> <!-- @AfterSuite configAS -->
  <testcase classname="com.sales.techmax.genericUtility.BaseClass" name="@AfterSuite configAS" time="0.0">
    <ignored/>
  </testcase> <!-- @AfterSuite configAS -->
  <testcase classname="com.TechMAX.customer.Verify__Customer_Updation_and_Customer_details_testng" name="Verify__Customer_Updation_and_Customer_details_Test" time="0.0">
    <ignored/>
  </testcase> <!-- Verify__Customer_Updation_and_Customer_details_Test -->
</testsuite> <!-- Test -->
