<?xml version="1.0" encoding="UTF-8"?>
<testng-results skipped="0" failed="0" ignored="0" total="2" passed="2">
  <reporter-output>
  </reporter-output>
  <suite name="Suite" duration-ms="53" started-at="2022-09-03T13:48:01Z" finished-at="2022-09-03T13:48:01Z">
    <groups>
      <group name="SmokeTest">
        <method signature="EventFiringWebDriverScreenshot.Sample1()[pri:0, instance:com.Techmax.practice.EventFiringWebDriverScreenshot@3c0ecd4b]" name="Sample1" class="com.Techmax.practice.EventFiringWebDriverScreenshot"/>
      </group> <!-- SmokeTest -->
    </groups>
    <test name="Test" duration-ms="53" started-at="2022-09-03T13:48:01Z" finished-at="2022-09-03T13:48:01Z">
      <class name="com.Techmax.practice.EventFiringWebDriverScreenshot">
        <test-method status="PASS" signature="Sample1()[pri:0, instance:com.Techmax.practice.EventFiringWebDriverScreenshot@3c0ecd4b]" name="Sample1" duration-ms="16" started-at="2022-09-03T13:48:01Z" finished-at="2022-09-03T13:48:01Z">
          <reporter-output>
          </reporter-output>
        </test-method> <!-- Sample1 -->
        <test-method status="PASS" signature="Sample2()[pri:0, instance:com.Techmax.practice.EventFiringWebDriverScreenshot@3c0ecd4b]" name="Sample2" duration-ms="0" started-at="2022-09-03T13:48:01Z" finished-at="2022-09-03T13:48:01Z">
          <reporter-output>
          </reporter-output>
        </test-method> <!-- Sample2 -->
      </class> <!-- com.Techmax.practice.EventFiringWebDriverScreenshot -->
    </test> <!-- Test -->
  </suite> <!-- Suite -->
</testng-results>
