<?xml version="1.0" encoding="UTF-8"?>
<testng-results skipped="0" failed="0" ignored="0" total="1" passed="1">
  <reporter-output>
  </reporter-output>
  <suite name="Default suite" duration-ms="42275" started-at="2023-01-09T12:14:51Z" finished-at="2023-01-09T12:15:33Z">
    <groups>
    </groups>
    <test name="Default test" duration-ms="42275" started-at="2023-01-09T12:14:51Z" finished-at="2023-01-09T12:15:33Z">
      <class name="MockInterview.RedBusAppPrintAllBuses">
        <test-method status="PASS" signature="PrintAllBusestest()[pri:0, instance:MockInterview.RedBusAppPrintAllBuses@7085bdee]" name="PrintAllBusestest" duration-ms="42229" started-at="2023-01-09T12:14:51Z" finished-at="2023-01-09T12:15:33Z">
          <reporter-output>
          </reporter-output>
        </test-method> <!-- PrintAllBusestest -->
      </class> <!-- MockInterview.RedBusAppPrintAllBuses -->
    </test> <!-- Default test -->
  </suite> <!-- Default suite -->
</testng-results>
