<?xml version="1.0" encoding="UTF-8"?>
<!-- Generated by org.testng.reporters.JUnitXMLReporter -->
<testsuite hostname="DESKTOP-EM3OVKO" ignored="14" name="Test" tests="2" failures="1" timestamp="18 Aug 2022 05:31:05 GMT" time="771.839" errors="0">
  <testcase name="@BeforeMethod configBM" time="300.303" classname="com.TechMax.utility.BaseClass">
    <failure type="org.openqa.selenium.TimeoutException" message="timeout: Timed out receiving message from renderer: 114.075
  (Session info: chrome=104.0.5112.81)
Build info: version: &amp;apos;3.141.59&amp;apos;, revision: &amp;apos;e82be7d358&amp;apos;, time: &amp;apos;2018-11-14T08:17:03&amp;apos;
System info: host: &amp;apos;DESKTOP-EM3OVKO&amp;apos;, ip: &amp;apos;192.168.0.119&amp;apos;, os.name: &amp;apos;Windows 10&amp;apos;, os.arch: &amp;apos;amd64&amp;apos;, os.version: &amp;apos;10.0&amp;apos;, java.version: &amp;apos;1.8.0_202&amp;apos;
Driver info: org.openqa.selenium.chrome.ChromeDriver
Capabilities {acceptInsecureCerts: false, browserName: chrome, browserVersion: 104.0.5112.81, chrome: {chromedriverVersion: 104.0.5112.20 (9ac43f954ebb..., userDataDir: C:\Users\Umamani\AppData\Lo...}, goog:chromeOptions: {debuggerAddress: localhost:65515}, javascriptEnabled: true, networkConnectionEnabled: false, pageLoadStrategy: normal, platform: WINDOWS, platformName: WINDOWS, proxy: Proxy(), setWindowRect: true, strictFileInteractability: false, timeouts: {implicit: 0, pageLoad: 300000, script: 30000}, unhandledPromptBehavior: dismiss and notify, webauthn:extension:credBlob: true, webauthn:extension:largeBlob: true, webauthn:virtualAuthenticators: true}
Session ID: 6c04f5cd1860ab0e62ffd11a020d53c5">
      <![CDATA[org.openqa.selenium.TimeoutException: timeout: Timed out receiving message from renderer: 114.075
  (Session info: chrome=104.0.5112.81)
Build info: version: '3.141.59', revision: 'e82be7d358', time: '2018-11-14T08:17:03'
System info: host: 'DESKTOP-EM3OVKO', ip: '192.168.0.119', os.name: 'Windows 10', os.arch: 'amd64', os.version: '10.0', java.version: '1.8.0_202'
Driver info: org.openqa.selenium.chrome.ChromeDriver
Capabilities {acceptInsecureCerts: false, browserName: chrome, browserVersion: 104.0.5112.81, chrome: {chromedriverVersion: 104.0.5112.20 (9ac43f954ebb..., userDataDir: C:\Users\Umamani\AppData\Lo...}, goog:chromeOptions: {debuggerAddress: localhost:65515}, javascriptEnabled: true, networkConnectionEnabled: false, pageLoadStrategy: normal, platform: WINDOWS, platformName: WINDOWS, proxy: Proxy(), setWindowRect: true, strictFileInteractability: false, timeouts: {implicit: 0, pageLoad: 300000, script: 30000}, unhandledPromptBehavior: dismiss and notify, webauthn:extension:credBlob: true, webauthn:extension:largeBlob: true, webauthn:virtualAuthenticators: true}
Session ID: 6c04f5cd1860ab0e62ffd11a020d53c5
at org.openqa.selenium.remote.http.W3CHttpResponseCodec.createException(W3CHttpResponseCodec.java:187)
at org.openqa.selenium.remote.http.W3CHttpResponseCodec.decode(W3CHttpResponseCodec.java:122)
at org.openqa.selenium.remote.http.W3CHttpResponseCodec.decode(W3CHttpResponseCodec.java:49)
at org.openqa.selenium.remote.HttpCommandExecutor.execute(HttpCommandExecutor.java:158)
at org.openqa.selenium.remote.service.DriverCommandExecutor.execute(DriverCommandExecutor.java:83)
at org.openqa.selenium.remote.RemoteWebDriver.execute(RemoteWebDriver.java:552)
at org.openqa.selenium.remote.RemoteWebDriver.get(RemoteWebDriver.java:277)
at com.TechMax.Pomrepositorylib.LoginPage.loginToApplication(LoginPage.java:70)
at com.TechMax.utility.BaseClass.configBM(BaseClass.java:57)
... Removed 32 stack frames]]>
    </failure>
  </testcase> <!-- @BeforeMethod configBM -->
  <testcase name="@AfterMethod configAM" time="0.0" classname="com.TechMax.utility.BaseClass">
    <skipped/>
  </testcase> <!-- @AfterMethod configAM -->
  <testcase name="@AfterClass configAC" time="0.0" classname="com.TechMax.utility.BaseClass">
    <skipped/>
  </testcase> <!-- @AfterClass configAC -->
  <testcase name="Purchase_a_product_and_Add_Updated_customer_and_verify_transaction_details_test" time="0.0" classname="com.Techmax.POS.Purchase_a_product_and_Add_Updated_customer_and_verify_transaction_details">
    <skipped/>
  </testcase> <!-- Purchase_a_product_and_Add_Updated_customer_and_verify_transaction_details_test -->
  <testcase name="AddProductLoginAsEmployeeGenrateBillInPOSforProductTest" time="303.242" classname="com.Techmax.Transaction.AddProductLoginAsEmployeeGenrateBillInPOSforProduct">
    <failure type="org.openqa.selenium.TimeoutException" message="timeout: Timed out receiving message from renderer: 300.000
  (Session info: chrome=104.0.5112.81)
Build info: version: &amp;apos;3.141.59&amp;apos;, revision: &amp;apos;e82be7d358&amp;apos;, time: &amp;apos;2018-11-14T08:17:03&amp;apos;
System info: host: &amp;apos;DESKTOP-EM3OVKO&amp;apos;, ip: &amp;apos;192.168.0.119&amp;apos;, os.name: &amp;apos;Windows 10&amp;apos;, os.arch: &amp;apos;amd64&amp;apos;, os.version: &amp;apos;10.0&amp;apos;, java.version: &amp;apos;1.8.0_202&amp;apos;
Driver info: org.openqa.selenium.chrome.ChromeDriver
Capabilities {acceptInsecureCerts: false, browserName: chrome, browserVersion: 104.0.5112.81, chrome: {chromedriverVersion: 104.0.5112.20 (9ac43f954ebb..., userDataDir: C:\Users\Umamani\AppData\Lo...}, goog:chromeOptions: {debuggerAddress: localhost:49165}, javascriptEnabled: true, networkConnectionEnabled: false, pageLoadStrategy: normal, platform: WINDOWS, platformName: WINDOWS, proxy: Proxy(), setWindowRect: true, strictFileInteractability: false, timeouts: {implicit: 0, pageLoad: 300000, script: 30000}, unhandledPromptBehavior: dismiss and notify, webauthn:extension:credBlob: true, webauthn:extension:largeBlob: true, webauthn:virtualAuthenticators: true}
Session ID: a0d9813ee88d288cebabc9f4e5d3cdc3
*** Element info: {Using=xpath, value=//span[text()=&amp;apos;Product&amp;apos;]}">
      <![CDATA[org.openqa.selenium.TimeoutException: timeout: Timed out receiving message from renderer: 300.000
  (Session info: chrome=104.0.5112.81)
Build info: version: '3.141.59', revision: 'e82be7d358', time: '2018-11-14T08:17:03'
System info: host: 'DESKTOP-EM3OVKO', ip: '192.168.0.119', os.name: 'Windows 10', os.arch: 'amd64', os.version: '10.0', java.version: '1.8.0_202'
Driver info: org.openqa.selenium.chrome.ChromeDriver
Capabilities {acceptInsecureCerts: false, browserName: chrome, browserVersion: 104.0.5112.81, chrome: {chromedriverVersion: 104.0.5112.20 (9ac43f954ebb..., userDataDir: C:\Users\Umamani\AppData\Lo...}, goog:chromeOptions: {debuggerAddress: localhost:49165}, javascriptEnabled: true, networkConnectionEnabled: false, pageLoadStrategy: normal, platform: WINDOWS, platformName: WINDOWS, proxy: Proxy(), setWindowRect: true, strictFileInteractability: false, timeouts: {implicit: 0, pageLoad: 300000, script: 30000}, unhandledPromptBehavior: dismiss and notify, webauthn:extension:credBlob: true, webauthn:extension:largeBlob: true, webauthn:virtualAuthenticators: true}
Session ID: a0d9813ee88d288cebabc9f4e5d3cdc3
*** Element info: {Using=xpath, value=//span[text()='Product']}
at org.openqa.selenium.remote.http.W3CHttpResponseCodec.createException(W3CHttpResponseCodec.java:187)
at org.openqa.selenium.remote.http.W3CHttpResponseCodec.decode(W3CHttpResponseCodec.java:122)
at org.openqa.selenium.remote.http.W3CHttpResponseCodec.decode(W3CHttpResponseCodec.java:49)
at org.openqa.selenium.remote.HttpCommandExecutor.execute(HttpCommandExecutor.java:158)
at org.openqa.selenium.remote.service.DriverCommandExecutor.execute(DriverCommandExecutor.java:83)
at org.openqa.selenium.remote.RemoteWebDriver.execute(RemoteWebDriver.java:552)
at org.openqa.selenium.remote.RemoteWebDriver.findElement(RemoteWebDriver.java:323)
at org.openqa.selenium.remote.RemoteWebDriver.findElementByXPath(RemoteWebDriver.java:428)
at org.openqa.selenium.By$ByXPath.findElement(By.java:353)
at org.openqa.selenium.remote.RemoteWebDriver.findElement(RemoteWebDriver.java:315)
at org.openqa.selenium.support.pagefactory.DefaultElementLocator.findElement(DefaultElementLocator.java:69)
at org.openqa.selenium.support.pagefactory.internal.LocatingElementHandler.invoke(LocatingElementHandler.java:38)
at com.sun.proxy.$Proxy14.click(Unknown Source)
at com.Techmax.Transaction.AddProductLoginAsEmployeeGenrateBillInPOSforProduct.AddProductLoginAsEmployeeGenrateBillInPOSforProductTest(AddProductLoginAsEmployeeGenrateBillInPOSforProduct.java:47)
... Removed 29 stack frames]]>
    </failure>
  </testcase> <!-- AddProductLoginAsEmployeeGenrateBillInPOSforProductTest -->
  <testcase name="@BeforeSuite configBS" time="0.0" classname="com.TechMax.utility.BaseClass">
    <ignored/>
  </testcase> <!-- @BeforeSuite configBS -->
  <testcase name="@BeforeSuite configBS" time="0.0" classname="com.TechMax.utility.BaseClass">
    <ignored/>
  </testcase> <!-- @BeforeSuite configBS -->
  <testcase name="@BeforeSuite configBS" time="0.0" classname="com.TechMax.utility.BaseClass">
    <ignored/>
  </testcase> <!-- @BeforeSuite configBS -->
  <testcase name="@BeforeSuite configBS" time="0.0" classname="com.TechMax.utility.BaseClass">
    <ignored/>
  </testcase> <!-- @BeforeSuite configBS -->
  <testcase name="@BeforeSuite configBS" time="0.0" classname="com.TechMax.utility.BaseClass">
    <ignored/>
  </testcase> <!-- @BeforeSuite configBS -->
  <testcase name="@AfterSuite configAS" time="0.0" classname="com.TechMax.utility.BaseClass">
    <ignored/>
  </testcase> <!-- @AfterSuite configAS -->
  <testcase name="@AfterSuite configAS" time="0.0" classname="com.TechMax.utility.BaseClass">
    <ignored/>
  </testcase> <!-- @AfterSuite configAS -->
  <testcase name="@AfterSuite configAS" time="0.0" classname="com.TechMax.utility.BaseClass">
    <ignored/>
  </testcase> <!-- @AfterSuite configAS -->
  <testcase name="@AfterSuite configAS" time="0.0" classname="com.TechMax.utility.BaseClass">
    <ignored/>
  </testcase> <!-- @AfterSuite configAS -->
  <testcase name="@AfterSuite configAS" time="0.0" classname="com.TechMax.utility.BaseClass">
    <ignored/>
  </testcase> <!-- @AfterSuite configAS -->
  <testcase name="AddSupplierAddProductLoginAsEmployeeGenrateBillInPOSforProductTest" time="0.0" classname="com.Techmax.Transaction.AddSupplierAddProductLoginAsEmployeeGenrateBillInPOSforProduct">
    <ignored/>
  </testcase> <!-- AddSupplierAddProductLoginAsEmployeeGenrateBillInPOSforProductTest -->
  <testcase name="VerifySupplierNameInAddProduct_test" time="0.0" classname="com.Techmax.Inventory.VerifySupplierNameInAddProduct">
    <ignored/>
  </testcase> <!-- VerifySupplierNameInAddProduct_test -->
  <testcase name="CreateNewProductVerifyTheProductCountInHomePage_test" time="0.0" classname="com.Techmax.Home.CreateNewProductVerifyTheProductCountInHomePage">
    <ignored/>
  </testcase> <!-- CreateNewProductVerifyTheProductCountInHomePage_test -->
  <testcase name="sale_a_product_check_the_transaction_details_test" time="0.0" classname="com.Techmax.POS.sale_a_product_check_the_transaction_details">
    <ignored/>
  </testcase> <!-- sale_a_product_check_the_transaction_details_test -->
</testsuite> <!-- Test -->
