<?xml version="1.0" encoding="UTF-8"?>
<!-- Generated by org.testng.reporters.JUnitXMLReporter -->
<testsuite ignored="0" hostname="DESKTOP-6H62P03" failures="1" tests="1" name="Test" time="15.193" errors="0" timestamp="2022-08-18T17:48:53 IST">
  <testcase classname="com.TechMAX.home.CreateNewSupplierVerifyTheSupplierCountInHomePagetestng" name="CreateNewSupplierVerifyTheSupplierCountInHomePageTest" time="5.581">
    <failure type="java.lang.AssertionError" message="expected [186] but found [185]">
      <![CDATA[java.lang.AssertionError: expected [186] but found [185]
at com.TechMAX.home.CreateNewSupplierVerifyTheSupplierCountInHomePagetestng.CreateNewSupplierVerifyTheSupplierCountInHomePageTest(CreateNewSupplierVerifyTheSupplierCountInHomePagetestng.java:53)
at java.base/java.util.ArrayList.forEach(ArrayList.java:1511)
... Removed 33 stack frames]]>
    </failure>
  </testcase> <!-- CreateNewSupplierVerifyTheSupplierCountInHomePageTest -->
</testsuite> <!-- Test -->
